<?xml version="1.0" encoding="UTF-8"?>
<robot generator="Robot 7.4.1 (Python 3.14.0 on win32)" generated="2026-01-14T23:17:36.330017" rpa="false" schemaversion="5">
<suite id="s1" name="Login" source="C:\Users\nadam\Desktop\jenkins_demo_parallel_jobs\saucedemo-tests\robot-tests\login.robot">
<test id="s1-t1" name="Valid Login With Robot" line="9">
<kw name="Open Browser" owner="SeleniumLibrary">
<msg time="2026-01-14T23:17:36.891259" level="INFO">Opening browser 'chrome' to base url 'https://www.saucedemo.com/'.</msg>
<arg>${URL}</arg>
<arg>${BROWSER}</arg>
<doc>Opens a new browser instance to the optional ``url``.</doc>
<status status="PASS" start="2026-01-14T23:17:36.890724" elapsed="4.599562"/>
</kw>
<kw name="Input Text" owner="SeleniumLibrary">
<msg time="2026-01-14T23:17:41.491665" level="INFO">Typing text 'standard_user' into text field 'id:user-name'.</msg>
<arg>id:user-name</arg>
<arg>standard_user</arg>
<doc>Types the given ``text`` into the text field identified by ``locator``.</doc>
<status status="PASS" start="2026-01-14T23:17:41.490914" elapsed="0.190371"/>
</kw>
<kw name="Input Text" owner="SeleniumLibrary">
<msg time="2026-01-14T23:17:41.682239" level="INFO">Typing text 'secret_sauce' into text field 'id:password'.</msg>
<arg>id:password</arg>
<arg>secret_sauce</arg>
<doc>Types the given ``text`` into the text field identified by ``locator``.</doc>
<status status="PASS" start="2026-01-14T23:17:41.681869" elapsed="0.126792"/>
</kw>
<kw name="Click Button" owner="SeleniumLibrary">
<msg time="2026-01-14T23:17:41.809709" level="INFO">Clicking button 'id:login-button'.</msg>
<arg>id:login-button</arg>
<doc>Clicks the button identified by ``locator``.</doc>
<status status="PASS" start="2026-01-14T23:17:41.809276" elapsed="0.159590"/>
</kw>
<kw name="Page Should Contain" owner="SeleniumLibrary">
<msg time="2026-01-14T23:17:42.003424" level="INFO">Current page contains text 'Products'.</msg>
<arg>Products</arg>
<doc>Verifies that current page contains ``text``.</doc>
<status status="PASS" start="2026-01-14T23:17:41.969414" elapsed="0.034178"/>
</kw>
<kw name="Close Browser" owner="SeleniumLibrary">
<doc>Closes the current browser.</doc>
<status status="PASS" start="2026-01-14T23:17:42.004150" elapsed="2.181157"/>
</kw>
<status status="PASS" start="2026-01-14T23:17:36.889045" elapsed="7.297031"/>
</test>
<status status="PASS" start="2026-01-14T23:17:36.332553" elapsed="7.854979"/>
</suite>
<statistics>
<total>
<stat pass="1" fail="0" skip="0">All Tests</stat>
</total>
<tag>
</tag>
<suite>
<stat name="Login" id="s1" pass="1" fail="0" skip="0">Login</stat>
</suite>
</statistics>
<errors>
</errors>
</robot>
